<?xml version="1.0" encoding="UTF-8"?>
<!-- Generated by org.testng.reporters.JUnitReportReporter -->
<testsuite hostname="DESKTOP-1QU3TNE" failures="0" tests="1" name="com.testrunner.UITestRunner" time="138.303" errors="0" timestamp="2024-03-29T12:15:34 IST" skipped="0">
  <testcase classname="com.testrunner.UITestRunner" name="runScenario" time="138.303"/>
</testsuite> <!-- com.testrunner.UITestRunner -->
